<?xml version="1.0" encoding="UTF-8"?>
<testsuite xmlns:xsi="http://www.w3.org/2001/XMLSchema-instance" xsi:noNamespaceSchemaLocation="https://maven.apache.org/surefire/maven-surefire-plugin/xsd/surefire-test-report.xsd" name="org.service.AppTest" time="0.005" tests="1" errors="0" skipped="0" failures="0">
  <properties>
    <property name="sun.desktop" value="windows"/>
    <property name="awt.toolkit" value="sun.awt.windows.WToolkit"/>
    <property name="file.encoding.pkg" value="sun.io"/>
    <property name="java.specification.version" value="1.8"/>
    <property name="sun.cpu.isalist" value="amd64"/>
    <property name="sun.jnu.encoding" value="GBK"/>
    <property name="java.class.path" value="D:\SpringAll\my-spring-boot-first-app\service\target\test-classes;D:\SpringAll\my-spring-boot-first-app\service\target\classes;D:\SpringAll\my-spring-boot-first-app\model\target\model-1.0.0-SNAPSHOT.jar;D:\maven\repository\junit\junit\3.8.1\junit-3.8.1.jar;D:\maven\repository\org\springframework\boot\spring-boot-starter-webflux\2.0.0.RELEASE\spring-boot-starter-webflux-2.0.0.RELEASE.jar;D:\maven\repository\org\springframework\boot\spring-boot-starter\2.0.0.RELEASE\spring-boot-starter-2.0.0.RELEASE.jar;D:\maven\repository\org\springframework\boot\spring-boot\2.0.0.RELEASE\spring-boot-2.0.0.RELEASE.jar;D:\maven\repository\org\springframework\spring-context\5.0.4.RELEASE\spring-context-5.0.4.RELEASE.jar;D:\maven\repository\org\springframework\spring-aop\5.0.4.RELEASE\spring-aop-5.0.4.RELEASE.jar;D:\maven\repository\org\springframework\spring-expression\5.0.4.RELEASE\spring-expression-5.0.4.RELEASE.jar;D:\maven\repository\org\springframework\boot\spring-boot-autoconfigure\2.0.0.RELEASE\spring-boot-autoconfigure-2.0.0.RELEASE.jar;D:\maven\repository\org\springframework\boot\spring-boot-starter-logging\2.0.0.RELEASE\spring-boot-starter-logging-2.0.0.RELEASE.jar;D:\maven\repository\ch\qos\logback\logback-classic\1.2.3\logback-classic-1.2.3.jar;D:\maven\repository\ch\qos\logback\logback-core\1.2.3\logback-core-1.2.3.jar;D:\maven\repository\org\apache\logging\log4j\log4j-to-slf4j\2.10.0\log4j-to-slf4j-2.10.0.jar;D:\maven\repository\org\apache\logging\log4j\log4j-api\2.10.0\log4j-api-2.10.0.jar;D:\maven\repository\org\slf4j\jul-to-slf4j\1.7.25\jul-to-slf4j-1.7.25.jar;D:\maven\repository\javax\annotation\javax.annotation-api\1.3.2\javax.annotation-api-1.3.2.jar;D:\maven\repository\org\springframework\spring-core\5.0.4.RELEASE\spring-core-5.0.4.RELEASE.jar;D:\maven\repository\org\springframework\spring-jcl\5.0.4.RELEASE\spring-jcl-5.0.4.RELEASE.jar;D:\maven\repository\org\yaml\snakeyaml\1.19\snakeyaml-1.19.jar;D:\maven\repository\org\springframework\boot\spring-boot-starter-json\2.0.0.RELEASE\spring-boot-starter-json-2.0.0.RELEASE.jar;D:\maven\repository\com\fasterxml\jackson\core\jackson-databind\2.9.4\jackson-databind-2.9.4.jar;D:\maven\repository\com\fasterxml\jackson\core\jackson-annotations\2.9.0\jackson-annotations-2.9.0.jar;D:\maven\repository\com\fasterxml\jackson\core\jackson-core\2.9.4\jackson-core-2.9.4.jar;D:\maven\repository\com\fasterxml\jackson\datatype\jackson-datatype-jdk8\2.9.4\jackson-datatype-jdk8-2.9.4.jar;D:\maven\repository\com\fasterxml\jackson\datatype\jackson-datatype-jsr310\2.9.4\jackson-datatype-jsr310-2.9.4.jar;D:\maven\repository\com\fasterxml\jackson\module\jackson-module-parameter-names\2.9.4\jackson-module-parameter-names-2.9.4.jar;D:\maven\repository\org\springframework\boot\spring-boot-starter-reactor-netty\2.0.0.RELEASE\spring-boot-starter-reactor-netty-2.0.0.RELEASE.jar;D:\maven\repository\io\projectreactor\ipc\reactor-netty\0.7.5.RELEASE\reactor-netty-0.7.5.RELEASE.jar;D:\maven\repository\io\netty\netty-codec-http\4.1.22.Final\netty-codec-http-4.1.22.Final.jar;D:\maven\repository\io\netty\netty-codec\4.1.22.Final\netty-codec-4.1.22.Final.jar;D:\maven\repository\io\netty\netty-handler\4.1.22.Final\netty-handler-4.1.22.Final.jar;D:\maven\repository\io\netty\netty-buffer\4.1.22.Final\netty-buffer-4.1.22.Final.jar;D:\maven\repository\io\netty\netty-transport\4.1.22.Final\netty-transport-4.1.22.Final.jar;D:\maven\repository\io\netty\netty-resolver\4.1.22.Final\netty-resolver-4.1.22.Final.jar;D:\maven\repository\io\netty\netty-handler-proxy\4.1.22.Final\netty-handler-proxy-4.1.22.Final.jar;D:\maven\repository\io\netty\netty-codec-socks\4.1.22.Final\netty-codec-socks-4.1.22.Final.jar;D:\maven\repository\io\netty\netty-transport-native-epoll\4.1.22.Final\netty-transport-native-epoll-4.1.22.Final.jar;D:\maven\repository\io\netty\netty-common\4.1.22.Final\netty-common-4.1.22.Final.jar;D:\maven\repository\io\netty\netty-transport-native-unix-common\4.1.22.Final\netty-transport-native-unix-common-4.1.22.Final.jar;D:\maven\repository\org\hibernate\validator\hibernate-validator\6.0.7.Final\hibernate-validator-6.0.7.Final.jar;D:\maven\repository\javax\validation\validation-api\2.0.1.Final\validation-api-2.0.1.Final.jar;D:\maven\repository\org\jboss\logging\jboss-logging\3.3.2.Final\jboss-logging-3.3.2.Final.jar;D:\maven\repository\com\fasterxml\classmate\1.3.4\classmate-1.3.4.jar;D:\maven\repository\org\springframework\spring-web\5.0.4.RELEASE\spring-web-5.0.4.RELEASE.jar;D:\maven\repository\org\springframework\spring-beans\5.0.4.RELEASE\spring-beans-5.0.4.RELEASE.jar;D:\maven\repository\org\springframework\spring-webflux\5.0.4.RELEASE\spring-webflux-5.0.4.RELEASE.jar;D:\maven\repository\io\projectreactor\reactor-core\3.1.5.RELEASE\reactor-core-3.1.5.RELEASE.jar;D:\maven\repository\org\reactivestreams\reactive-streams\1.0.2\reactive-streams-1.0.2.jar;D:\maven\repository\org\synchronoss\cloud\nio-multipart-parser\1.1.0\nio-multipart-parser-1.1.0.jar;D:\maven\repository\org\slf4j\slf4j-api\1.7.25\slf4j-api-1.7.25.jar;D:\maven\repository\org\synchronoss\cloud\nio-stream-storage\1.1.3\nio-stream-storage-1.1.3.jar;"/>
    <property name="java.vm.vendor" value="Oracle Corporation"/>
    <property name="sun.arch.data.model" value="64"/>
    <property name="user.variant" value=""/>
    <property name="java.vendor.url" value="http://java.oracle.com/"/>
    <property name="user.timezone" value=""/>
    <property name="java.vm.specification.version" value="1.8"/>
    <property name="os.name" value="Windows 10"/>
    <property name="user.country" value="CN"/>
    <property name="sun.java.launcher" value="SUN_STANDARD"/>
    <property name="sun.boot.library.path" value="C:\Program Files\Java\jdk1.8.0_162\jre\bin"/>
    <property name="sun.java.command" value="C:\Users\Thinkpad\AppData\Local\Temp\surefire4129898004735133084\surefirebooter2073947715043792605.jar C:\Users\Thinkpad\AppData\Local\Temp\surefire4129898004735133084 2018-03-16T02-29-59_874-jvmRun1 surefire5871080315133477686tmp surefire_08622773733008285638tmp"/>
    <property name="surefire.test.class.path" value="D:\SpringAll\my-spring-boot-first-app\service\target\test-classes;D:\SpringAll\my-spring-boot-first-app\service\target\classes;D:\SpringAll\my-spring-boot-first-app\model\target\model-1.0.0-SNAPSHOT.jar;D:\maven\repository\junit\junit\3.8.1\junit-3.8.1.jar;D:\maven\repository\org\springframework\boot\spring-boot-starter-webflux\2.0.0.RELEASE\spring-boot-starter-webflux-2.0.0.RELEASE.jar;D:\maven\repository\org\springframework\boot\spring-boot-starter\2.0.0.RELEASE\spring-boot-starter-2.0.0.RELEASE.jar;D:\maven\repository\org\springframework\boot\spring-boot\2.0.0.RELEASE\spring-boot-2.0.0.RELEASE.jar;D:\maven\repository\org\springframework\spring-context\5.0.4.RELEASE\spring-context-5.0.4.RELEASE.jar;D:\maven\repository\org\springframework\spring-aop\5.0.4.RELEASE\spring-aop-5.0.4.RELEASE.jar;D:\maven\repository\org\springframework\spring-expression\5.0.4.RELEASE\spring-expression-5.0.4.RELEASE.jar;D:\maven\repository\org\springframework\boot\spring-boot-autoconfigure\2.0.0.RELEASE\spring-boot-autoconfigure-2.0.0.RELEASE.jar;D:\maven\repository\org\springframework\boot\spring-boot-starter-logging\2.0.0.RELEASE\spring-boot-starter-logging-2.0.0.RELEASE.jar;D:\maven\repository\ch\qos\logback\logback-classic\1.2.3\logback-classic-1.2.3.jar;D:\maven\repository\ch\qos\logback\logback-core\1.2.3\logback-core-1.2.3.jar;D:\maven\repository\org\apache\logging\log4j\log4j-to-slf4j\2.10.0\log4j-to-slf4j-2.10.0.jar;D:\maven\repository\org\apache\logging\log4j\log4j-api\2.10.0\log4j-api-2.10.0.jar;D:\maven\repository\org\slf4j\jul-to-slf4j\1.7.25\jul-to-slf4j-1.7.25.jar;D:\maven\repository\javax\annotation\javax.annotation-api\1.3.2\javax.annotation-api-1.3.2.jar;D:\maven\repository\org\springframework\spring-core\5.0.4.RELEASE\spring-core-5.0.4.RELEASE.jar;D:\maven\repository\org\springframework\spring-jcl\5.0.4.RELEASE\spring-jcl-5.0.4.RELEASE.jar;D:\maven\repository\org\yaml\snakeyaml\1.19\snakeyaml-1.19.jar;D:\maven\repository\org\springframework\boot\spring-boot-starter-json\2.0.0.RELEASE\spring-boot-starter-json-2.0.0.RELEASE.jar;D:\maven\repository\com\fasterxml\jackson\core\jackson-databind\2.9.4\jackson-databind-2.9.4.jar;D:\maven\repository\com\fasterxml\jackson\core\jackson-annotations\2.9.0\jackson-annotations-2.9.0.jar;D:\maven\repository\com\fasterxml\jackson\core\jackson-core\2.9.4\jackson-core-2.9.4.jar;D:\maven\repository\com\fasterxml\jackson\datatype\jackson-datatype-jdk8\2.9.4\jackson-datatype-jdk8-2.9.4.jar;D:\maven\repository\com\fasterxml\jackson\datatype\jackson-datatype-jsr310\2.9.4\jackson-datatype-jsr310-2.9.4.jar;D:\maven\repository\com\fasterxml\jackson\module\jackson-module-parameter-names\2.9.4\jackson-module-parameter-names-2.9.4.jar;D:\maven\repository\org\springframework\boot\spring-boot-starter-reactor-netty\2.0.0.RELEASE\spring-boot-starter-reactor-netty-2.0.0.RELEASE.jar;D:\maven\repository\io\projectreactor\ipc\reactor-netty\0.7.5.RELEASE\reactor-netty-0.7.5.RELEASE.jar;D:\maven\repository\io\netty\netty-codec-http\4.1.22.Final\netty-codec-http-4.1.22.Final.jar;D:\maven\repository\io\netty\netty-codec\4.1.22.Final\netty-codec-4.1.22.Final.jar;D:\maven\repository\io\netty\netty-handler\4.1.22.Final\netty-handler-4.1.22.Final.jar;D:\maven\repository\io\netty\netty-buffer\4.1.22.Final\netty-buffer-4.1.22.Final.jar;D:\maven\repository\io\netty\netty-transport\4.1.22.Final\netty-transport-4.1.22.Final.jar;D:\maven\repository\io\netty\netty-resolver\4.1.22.Final\netty-resolver-4.1.22.Final.jar;D:\maven\repository\io\netty\netty-handler-proxy\4.1.22.Final\netty-handler-proxy-4.1.22.Final.jar;D:\maven\repository\io\netty\netty-codec-socks\4.1.22.Final\netty-codec-socks-4.1.22.Final.jar;D:\maven\repository\io\netty\netty-transport-native-epoll\4.1.22.Final\netty-transport-native-epoll-4.1.22.Final.jar;D:\maven\repository\io\netty\netty-common\4.1.22.Final\netty-common-4.1.22.Final.jar;D:\maven\repository\io\netty\netty-transport-native-unix-common\4.1.22.Final\netty-transport-native-unix-common-4.1.22.Final.jar;D:\maven\repository\org\hibernate\validator\hibernate-validator\6.0.7.Final\hibernate-validator-6.0.7.Final.jar;D:\maven\repository\javax\validation\validation-api\2.0.1.Final\validation-api-2.0.1.Final.jar;D:\maven\repository\org\jboss\logging\jboss-logging\3.3.2.Final\jboss-logging-3.3.2.Final.jar;D:\maven\repository\com\fasterxml\classmate\1.3.4\classmate-1.3.4.jar;D:\maven\repository\org\springframework\spring-web\5.0.4.RELEASE\spring-web-5.0.4.RELEASE.jar;D:\maven\repository\org\springframework\spring-beans\5.0.4.RELEASE\spring-beans-5.0.4.RELEASE.jar;D:\maven\repository\org\springframework\spring-webflux\5.0.4.RELEASE\spring-webflux-5.0.4.RELEASE.jar;D:\maven\repository\io\projectreactor\reactor-core\3.1.5.RELEASE\reactor-core-3.1.5.RELEASE.jar;D:\maven\repository\org\reactivestreams\reactive-streams\1.0.2\reactive-streams-1.0.2.jar;D:\maven\repository\org\synchronoss\cloud\nio-multipart-parser\1.1.0\nio-multipart-parser-1.1.0.jar;D:\maven\repository\org\slf4j\slf4j-api\1.7.25\slf4j-api-1.7.25.jar;D:\maven\repository\org\synchronoss\cloud\nio-stream-storage\1.1.3\nio-stream-storage-1.1.3.jar;"/>
    <property name="sun.cpu.endian" value="little"/>
    <property name="user.home" value="C:\Users\Thinkpad"/>
    <property name="user.language" value="zh"/>
    <property name="java.specification.vendor" value="Oracle Corporation"/>
    <property name="java.home" value="C:\Program Files\Java\jdk1.8.0_162\jre"/>
    <property name="basedir" value="D:\SpringAll\my-spring-boot-first-app\service"/>
    <property name="file.separator" value="\"/>
    <property name="line.separator" value="&#10;"/>
    <property name="java.vm.specification.vendor" value="Oracle Corporation"/>
    <property name="java.specification.name" value="Java Platform API Specification"/>
    <property name="java.awt.graphicsenv" value="sun.awt.Win32GraphicsEnvironment"/>
    <property name="surefire.real.class.path" value="C:\Users\Thinkpad\AppData\Local\Temp\surefire4129898004735133084\surefirebooter2073947715043792605.jar"/>
    <property name="sun.boot.class.path" value="C:\Program Files\Java\jdk1.8.0_162\jre\lib\resources.jar;C:\Program Files\Java\jdk1.8.0_162\jre\lib\rt.jar;C:\Program Files\Java\jdk1.8.0_162\jre\lib\sunrsasign.jar;C:\Program Files\Java\jdk1.8.0_162\jre\lib\jsse.jar;C:\Program Files\Java\jdk1.8.0_162\jre\lib\jce.jar;C:\Program Files\Java\jdk1.8.0_162\jre\lib\charsets.jar;C:\Program Files\Java\jdk1.8.0_162\jre\lib\jfr.jar;C:\Program Files\Java\jdk1.8.0_162\jre\classes"/>
    <property name="user.script" value=""/>
    <property name="sun.management.compiler" value="HotSpot 64-Bit Tiered Compilers"/>
    <property name="java.runtime.version" value="1.8.0_162-b12"/>
    <property name="user.name" value="Thinkpad"/>
    <property name="path.separator" value=";"/>
    <property name="os.version" value="10.0"/>
    <property name="java.endorsed.dirs" value="C:\Program Files\Java\jdk1.8.0_162\jre\lib\endorsed"/>
    <property name="java.runtime.name" value="Java(TM) SE Runtime Environment"/>
    <property name="file.encoding" value="GBK"/>
    <property name="java.vm.name" value="Java HotSpot(TM) 64-Bit Server VM"/>
    <property name="localRepository" value="D:\maven\repository"/>
    <property name="java.vendor.url.bug" value="http://bugreport.sun.com/bugreport/"/>
    <property name="java.io.tmpdir" value="C:\Users\Thinkpad\AppData\Local\Temp\"/>
    <property name="java.version" value="1.8.0_162"/>
    <property name="user.dir" value="D:\SpringAll\my-spring-boot-first-app\service"/>
    <property name="os.arch" value="amd64"/>
    <property name="java.vm.specification.name" value="Java Virtual Machine Specification"/>
    <property name="java.awt.printerjob" value="sun.awt.windows.WPrinterJob"/>
    <property name="sun.os.patch.level" value=""/>
    <property name="maven.skip.test" value="true"/>
    <property name="java.library.path" value="C:\Program Files\Java\jdk1.8.0_162\jre\bin;C:\WINDOWS\Sun\Java\bin;C:\WINDOWS\system32;C:\WINDOWS;C:\app\WADPXF\product\12.2.0\dbhome_1\bin;C:\ProgramData\Oracle\Java\javapath;C:\Program Files (x86)\Intel\iCLS Client\;C:\Program Files\Intel\iCLS Client\;C:\Windows\system32;C:\Windows;C:\Windows\System32\Wbem;C:\Windows\System32\WindowsPowerShell\v1.0\;C:\Program Files (x86)\Intel\Intel(R) Management Engine Components\DAL;C:\Program Files\Intel\Intel(R) Management Engine Components\DAL;C:\Program Files (x86)\Intel\Intel(R) Management Engine Components\IPT;C:\Program Files\Intel\Intel(R) Management Engine Components\IPT;C:\Program Files (x86)\NVIDIA Corporation\PhysX\Common;C:\Program Files (x86)\轻松备份 2.0;C:\;rogram Files\Intel\WiFi\bin\;C:\Program Files\Common Files\Intel\WirelessCommon\;&quot;;C:\Program Files\Java\jdk1.8.0_162\bin;C:\Program Files\Java\jdk1.8.0_162\jre\bin&quot;;C:\Program Files\Git\cmd;C:\Program Files\TortoiseSVN\bin;D:\mysql-5.7.21-winx64\bin;C:\WINDOWS\system32;C:\WINDOWS;C:\WINDOWS\System32\Wbem;C:\WINDOWS\System32\WindowsPowerShell\v1.0\;C:\Program Files\nodejs\;C:\Program Files (x86)\Lua\5.1;C:\Program Files (x86)\Lua\5.1\clibs;D:\apache-maven-3.5.2\bin;C:\Users\Thinkpad\AppData\Local\Microsoft\WindowsApps;C:\Users\Thinkpad\AppData\Roaming\npm;."/>
    <property name="java.vm.info" value="mixed mode"/>
    <property name="java.vendor" value="Oracle Corporation"/>
    <property name="java.vm.version" value="25.162-b12"/>
    <property name="java.ext.dirs" value="C:\Program Files\Java\jdk1.8.0_162\jre\lib\ext;C:\WINDOWS\Sun\Java\lib\ext"/>
    <property name="sun.io.unicode.encoding" value="UnicodeLittle"/>
    <property name="java.class.version" value="52.0"/>
  </properties>
  <testcase name="testApp" classname="org.service.AppTest" time="0"/>
</testsuite>